<?xml version="1.0" encoding="UTF-8"?>
<!-- Generated by org.testng.reporters.JUnitReportReporter -->
<testsuite hostname="INCTNC881" failures="0" tests="1" name="BuyProduct.LaptoPurchaseScript" time="10.825" errors="0" timestamp="2024-04-29T10:39:05 IST" skipped="0">
  <testcase classname="BuyProduct.LaptoPurchaseScript" name="login" time="10.825"/>
</testsuite> <!-- BuyProduct.LaptoPurchaseScript -->
